TN:
SF:src\App.jsx
FN:9,App
FN:19,(anonymous_1)
FN:19,(anonymous_2)
FN:41,(anonymous_3)
FN:44,(anonymous_4)
FN:47,(anonymous_5)
FN:74,(anonymous_6)
FNF:7
FNH:0
FNDA:0,App
FNDA:0,(anonymous_1)
FNDA:0,(anonymous_2)
FNDA:0,(anonymous_3)
FNDA:0,(anonymous_4)
FNDA:0,(anonymous_5)
FNDA:0,(anonymous_6)
DA:10,0
DA:11,0
DA:12,0
DA:14,0
DA:19,0
DA:41,0
DA:44,0
DA:47,0
DA:74,0
LF:9
LH:0
BRDA:32,0,0,0
BRDA:32,0,1,0
BRDA:36,1,0,0
BRDA:36,1,1,0
BRF:4
BRH:0
end_of_record
TN:
SF:src\components\Boton.jsx
FN:15,(anonymous_0)
FNF:1
FNH:1
FNDA:98,(anonymous_0)
DA:15,2
DA:24,98
DA:25,98
DA:26,98
DA:28,98
DA:32,98
DA:46,2
LF:7
LH:7
BRDA:18,0,0,11
BRDA:19,1,0,67
BRDA:20,2,0,41
BRDA:21,3,0,96
BRDA:38,4,0,98
BRDA:38,4,1,14
BRF:6
BRH:6
end_of_record
TN:
SF:src\components\Contador.jsx
FN:14,(anonymous_0)
FN:17,(anonymous_1)
FN:18,(anonymous_2)
FN:24,(anonymous_3)
FN:25,(anonymous_4)
FN:31,(anonymous_5)
FNF:6
FNH:6
FNDA:28,(anonymous_0)
FNDA:9,(anonymous_1)
FNDA:9,(anonymous_2)
FNDA:5,(anonymous_3)
FNDA:5,(anonymous_4)
FNDA:2,(anonymous_5)
DA:14,1
DA:15,28
DA:17,28
DA:18,9
DA:19,9
DA:20,9
DA:24,28
DA:25,5
DA:26,5
DA:27,5
DA:31,28
DA:32,2
DA:35,28
DA:36,28
DA:38,28
DA:79,1
LF:16
LH:16
BRDA:14,0,0,8
BRDA:14,1,0,18
BRDA:20,2,0,4
BRDA:20,2,1,5
BRDA:27,3,0,4
BRDA:27,3,1,1
BRDA:35,4,0,28
BRDA:35,4,1,11
BRDA:36,5,0,28
BRDA:36,5,1,11
BRDA:72,6,0,28
BRDA:72,6,1,11
BRDA:73,7,0,28
BRDA:73,7,1,11
BRF:14
BRH:14
end_of_record
TN:
SF:src\components\MatematicasConErrores.js
FN:6,(anonymous_0)
FN:18,(anonymous_1)
FN:30,(anonymous_2)
FN:43,(anonymous_3)
FN:56,(anonymous_4)
FN:67,(anonymous_5)
FN:77,(anonymous_6)
FN:92,(anonymous_7)
FN:112,(anonymous_8)
FN:134,(anonymous_9)
FNF:10
FNH:10
FNDA:5,(anonymous_0)
FNDA:3,(anonymous_1)
FNDA:3,(anonymous_2)
FNDA:4,(anonymous_3)
FNDA:4,(anonymous_4)
FNDA:4,(anonymous_5)
FNDA:4,(anonymous_6)
FNDA:5,(anonymous_7)
FNDA:8,(anonymous_8)
FNDA:2,(anonymous_9)
DA:6,1
DA:7,5
DA:8,3
DA:10,2
DA:11,2
DA:12,1
DA:14,2
DA:18,1
DA:19,3
DA:20,1
DA:21,0
DA:23,0
DA:24,0
DA:26,0
DA:30,1
DA:31,3
DA:32,1
DA:33,0
DA:35,0
DA:36,0
DA:37,0
DA:39,0
DA:43,1
DA:44,4
DA:46,1
DA:47,1
DA:48,5
DA:49,0
DA:52,1
DA:56,1
DA:57,4
DA:59,1
DA:60,1
DA:61,4
DA:63,1
DA:67,1
DA:68,4
DA:70,2
DA:71,2
DA:73,2
DA:77,1
DA:78,4
DA:80,1
DA:81,1
DA:83,1
DA:84,4
DA:85,2
DA:88,1
DA:92,1
DA:93,5
DA:95,1
DA:96,1
DA:98,1
DA:99,6
DA:100,27
DA:102,7
DA:103,7
DA:104,7
DA:108,1
DA:112,1
DA:113,8
DA:115,5
DA:116,5
DA:118,5
DA:119,13
DA:121,13
DA:122,1
DA:123,12
DA:124,8
DA:126,4
DA:130,4
DA:134,1
DA:135,2
DA:136,2
DA:138,2
DA:139,4
DA:140,4
DA:141,4
DA:144,2
LF:79
LH:69
BRDA:7,0,0,2
BRDA:7,0,1,3
BRDA:8,1,0,1
BRDA:8,1,1,2
BRDA:19,2,0,2
BRDA:19,2,1,1
BRDA:20,3,0,1
BRDA:20,3,1,0
BRDA:21,4,0,0
BRDA:21,4,1,0
BRDA:24,5,0,0
BRDA:24,5,1,0
BRDA:31,6,0,2
BRDA:31,6,1,1
BRDA:32,7,0,1
BRDA:32,7,1,0
BRDA:33,8,0,0
BRDA:33,8,1,0
BRDA:44,9,0,3
BRDA:44,9,1,1
BRDA:44,10,0,4
BRDA:44,10,1,2
BRDA:48,11,0,0
BRDA:48,11,1,5
BRDA:57,12,0,3
BRDA:57,12,1,1
BRDA:57,13,0,4
BRDA:57,13,1,2
BRDA:68,14,0,2
BRDA:68,14,1,2
BRDA:78,15,0,3
BRDA:78,15,1,1
BRDA:84,16,0,2
BRDA:84,16,1,2
BRDA:93,17,0,4
BRDA:93,17,1,1
BRDA:93,18,0,5
BRDA:93,18,1,3
BRDA:100,19,0,7
BRDA:100,19,1,20
BRDA:113,20,0,3
BRDA:113,20,1,5
BRDA:113,21,0,8
BRDA:113,21,1,6
BRDA:121,22,0,1
BRDA:121,22,1,12
BRDA:123,23,0,8
BRDA:123,23,1,4
BRF:48
BRH:39
end_of_record
TN:
SF:src\hooks\index.js
FN:4,(anonymous_0)
FN:6,(anonymous_1)
FN:17,(anonymous_2)
FN:38,(anonymous_3)
FN:43,(anonymous_4)
FN:44,(anonymous_5)
FN:73,(anonymous_6)
FN:76,(anonymous_7)
FN:76,(anonymous_8)
FN:77,(anonymous_9)
FN:78,(anonymous_10)
FNF:11
FNH:11
FNDA:9,(anonymous_0)
FNDA:6,(anonymous_1)
FNDA:3,(anonymous_2)
FNDA:8,(anonymous_3)
FNDA:5,(anonymous_4)
FNDA:4,(anonymous_5)
FNDA:9,(anonymous_6)
FNDA:2,(anonymous_7)
FNDA:2,(anonymous_8)
FNDA:1,(anonymous_9)
FNDA:1,(anonymous_10)
DA:4,1
DA:6,9
DA:7,6
DA:8,6
DA:9,6
DA:11,1
DA:12,1
DA:17,9
DA:18,3
DA:20,3
DA:21,3
DA:24,3
DA:25,0
DA:27,3
DA:30,0
DA:34,9
DA:38,1
DA:39,8
DA:40,8
DA:41,8
DA:43,8
DA:44,5
DA:45,4
DA:46,4
DA:47,4
DA:49,4
DA:51,3
DA:52,1
DA:55,2
DA:56,2
DA:58,2
DA:60,4
DA:64,5
DA:65,4
DA:69,8
DA:73,1
DA:74,9
DA:76,9
DA:77,9
DA:78,9
DA:80,9
LF:41
LH:39
BRDA:9,0,0,2
BRDA:9,0,1,4
BRDA:20,1,0,1
BRDA:20,1,1,2
BRDA:24,2,0,0
BRDA:24,2,1,3
BRDA:38,3,0,8
BRDA:51,4,0,1
BRDA:51,4,1,2
BRDA:64,5,0,4
BRDA:64,5,1,1
BRDA:73,6,0,1
BRF:12
BRH:11
end_of_record
